2013-11-12 10:55:15:WARN main org.apache.commons.httpclient.HttpMethodBase - Cookie rejected: "$Version=0; sid_s=; $Path=/; $Domain=.mofang.taobao.com". Illegal domain attribute ".mofang.taobao.com". Domain of origin: "mofang.taobao.com"
2013-11-12 10:57:53:WARN main org.apache.commons.httpclient.HttpMethodBase - Cookie rejected: "$Version=0; sid_s=; $Path=/; $Domain=.mofang.taobao.com". Illegal domain attribute ".mofang.taobao.com". Domain of origin: "mofang.taobao.com"
2013-11-12 10:57:53:WARN main org.apache.commons.httpclient.HttpMethodBase - Going to buffer response body of large or unknown size. Using getResponseBodyAsStream instead is recommended.
2013-11-12 10:59:18:WARN main org.apache.commons.httpclient.HttpMethodBase - Cookie rejected: "$Version=0; sid_s=; $Path=/; $Domain=.mofang.taobao.com". Illegal domain attribute ".mofang.taobao.com". Domain of origin: "mofang.taobao.com"
2013-11-12 10:59:18:WARN main org.apache.commons.httpclient.HttpMethodBase - Going to buffer response body of large or unknown size. Using getResponseBodyAsStream instead is recommended.
2013-11-14 05:52:26:WARN main org.apache.commons.httpclient.HttpMethodBase - Going to buffer response body of large or unknown size. Using getResponseBodyAsStream instead is recommended.
2013-11-14 05:53:00:WARN main org.apache.commons.httpclient.HttpMethodBase - Going to buffer response body of large or unknown size. Using getResponseBodyAsStream instead is recommended.
2013-11-14 08:49:56:WARN main org.apache.commons.httpclient.HttpMethodBase - Going to buffer response body of large or unknown size. Using getResponseBodyAsStream instead is recommended.
2013-11-14 08:50:25:WARN main org.apache.commons.httpclient.HttpMethodBase - Going to buffer response body of large or unknown size. Using getResponseBodyAsStream instead is recommended.
2013-11-14 09:06:47:WARN main org.apache.commons.httpclient.HttpMethodBase - Cookie rejected: "$Version=0; sid_s=; $Path=/; $Domain=.mofang.taobao.com". Illegal domain attribute ".mofang.taobao.com". Domain of origin: "mofang.taobao.com"
2013-11-14 09:06:55:WARN main org.apache.commons.httpclient.HttpMethodBase - Going to buffer response body of large or unknown size. Using getResponseBodyAsStream instead is recommended.
2013-11-14 09:15:56:WARN main org.apache.commons.httpclient.HttpMethodBase - Cookie rejected: "$Version=0; sid_s=; $Path=/; $Domain=.mofang.taobao.com". Illegal domain attribute ".mofang.taobao.com". Domain of origin: "mofang.taobao.com"
2013-11-14 09:15:56:WARN main org.apache.commons.httpclient.HttpMethodBase - Going to buffer response body of large or unknown size. Using getResponseBodyAsStream instead is recommended.
2013-11-15 10:26:01:WARN main org.apache.commons.httpclient.HttpMethodBase - Cookie rejected: "$Version=0; sid_s=; $Path=/; $Domain=.mofang.taobao.com". Illegal domain attribute ".mofang.taobao.com". Domain of origin: "mofang.taobao.com"
2013-11-15 10:26:01:WARN main org.apache.commons.httpclient.HttpMethodBase - Going to buffer response body of large or unknown size. Using getResponseBodyAsStream instead is recommended.
2013-11-15 10:31:57:WARN main org.apache.commons.httpclient.HttpMethodBase - Cookie rejected: "$Version=0; sid_s=; $Path=/; $Domain=.mofang.taobao.com". Illegal domain attribute ".mofang.taobao.com". Domain of origin: "mofang.taobao.com"
2013-11-15 10:31:57:WARN main org.apache.commons.httpclient.HttpMethodBase - Going to buffer response body of large or unknown size. Using getResponseBodyAsStream instead is recommended.
2013-11-15 10:32:33:WARN main org.apache.commons.httpclient.HttpMethodBase - Cookie rejected: "$Version=0; sid_s=; $Path=/; $Domain=.mofang.taobao.com". Illegal domain attribute ".mofang.taobao.com". Domain of origin: "mofang.taobao.com"
2013-11-15 10:32:33:WARN main org.apache.commons.httpclient.HttpMethodBase - Going to buffer response body of large or unknown size. Using getResponseBodyAsStream instead is recommended.
2013-11-15 11:02:07:WARN main org.apache.commons.httpclient.HttpMethodBase - Cookie rejected: "$Version=0; sid_s=; $Path=/; $Domain=.mofang.taobao.com". Illegal domain attribute ".mofang.taobao.com". Domain of origin: "mofang.taobao.com"
2013-11-15 11:02:07:WARN main org.apache.commons.httpclient.HttpMethodBase - Going to buffer response body of large or unknown size. Using getResponseBodyAsStream instead is recommended.
2013-11-15 11:02:28:WARN main org.apache.commons.httpclient.HttpMethodBase - Cookie rejected: "$Version=0; sid_s=; $Path=/; $Domain=.mofang.taobao.com". Illegal domain attribute ".mofang.taobao.com". Domain of origin: "mofang.taobao.com"
2013-11-15 11:02:28:WARN main org.apache.commons.httpclient.HttpMethodBase - Going to buffer response body of large or unknown size. Using getResponseBodyAsStream instead is recommended.
2013-11-15 11:15:47:WARN main org.apache.commons.httpclient.HttpMethodBase - Going to buffer response body of large or unknown size. Using getResponseBodyAsStream instead is recommended.
2013-11-15 11:16:26:WARN main org.apache.commons.httpclient.HttpMethodBase - Going to buffer response body of large or unknown size. Using getResponseBodyAsStream instead is recommended.
2013-11-15 11:18:04:WARN main org.apache.commons.httpclient.HttpMethodBase - Going to buffer response body of large or unknown size. Using getResponseBodyAsStream instead is recommended.
2013-11-15 11:35:08:WARN main org.apache.commons.httpclient.HttpMethodBase - Going to buffer response body of large or unknown size. Using getResponseBodyAsStream instead is recommended.
2013-11-15 11:36:44:WARN main org.apache.commons.httpclient.HttpMethodBase - Going to buffer response body of large or unknown size. Using getResponseBodyAsStream instead is recommended.
2013-11-15 11:43:25:WARN main org.apache.commons.httpclient.HttpMethodBase - Going to buffer response body of large or unknown size. Using getResponseBodyAsStream instead is recommended.
2013-11-15 12:42:38:WARN main org.apache.commons.httpclient.HttpMethodBase - Going to buffer response body of large or unknown size. Using getResponseBodyAsStream instead is recommended.
2013-11-15 02:25:14:WARN main org.apache.commons.httpclient.HttpMethodBase - Going to buffer response body of large or unknown size. Using getResponseBodyAsStream instead is recommended.
2013-11-15 02:26:08:WARN main org.apache.commons.httpclient.HttpMethodBase - Going to buffer response body of large or unknown size. Using getResponseBodyAsStream instead is recommended.
2013-11-15 02:26:22:WARN main org.apache.commons.httpclient.HttpMethodBase - Going to buffer response body of large or unknown size. Using getResponseBodyAsStream instead is recommended.
2013-11-15 02:26:47:WARN main org.apache.commons.httpclient.HttpMethodBase - Going to buffer response body of large or unknown size. Using getResponseBodyAsStream instead is recommended.
2013-11-15 02:28:00:WARN main org.apache.commons.httpclient.HttpMethodBase - Going to buffer response body of large or unknown size. Using getResponseBodyAsStream instead is recommended.
2013-11-15 02:55:34:WARN main org.apache.commons.httpclient.HttpMethodBase - Going to buffer response body of large or unknown size. Using getResponseBodyAsStream instead is recommended.
2013-11-15 03:12:12:WARN main org.apache.commons.httpclient.HttpMethodBase - Going to buffer response body of large or unknown size. Using getResponseBodyAsStream instead is recommended.
2013-11-15 03:13:02:WARN main org.apache.commons.httpclient.HttpMethodBase - Going to buffer response body of large or unknown size. Using getResponseBodyAsStream instead is recommended.
2013-11-15 03:13:16:WARN main org.apache.commons.httpclient.HttpMethodBase - Going to buffer response body of large or unknown size. Using getResponseBodyAsStream instead is recommended.
2013-11-15 03:13:39:WARN main org.apache.commons.httpclient.HttpMethodBase - Going to buffer response body of large or unknown size. Using getResponseBodyAsStream instead is recommended.
2013-11-15 03:14:37:WARN main org.apache.commons.httpclient.HttpMethodBase - Going to buffer response body of large or unknown size. Using getResponseBodyAsStream instead is recommended.
2013-11-15 03:14:53:WARN main org.apache.commons.httpclient.HttpMethodBase - Going to buffer response body of large or unknown size. Using getResponseBodyAsStream instead is recommended.
2013-11-15 03:14:59:WARN main org.apache.commons.httpclient.HttpMethodBase - Going to buffer response body of large or unknown size. Using getResponseBodyAsStream instead is recommended.
2013-11-15 03:15:25:WARN main org.apache.commons.httpclient.HttpMethodBase - Going to buffer response body of large or unknown size. Using getResponseBodyAsStream instead is recommended.
2013-11-15 03:15:37:WARN main org.apache.commons.httpclient.HttpMethodBase - Going to buffer response body of large or unknown size. Using getResponseBodyAsStream instead is recommended.
2013-11-15 03:15:47:WARN main org.apache.commons.httpclient.HttpMethodBase - Going to buffer response body of large or unknown size. Using getResponseBodyAsStream instead is recommended.
2013-11-15 03:15:55:WARN main org.apache.commons.httpclient.HttpMethodBase - Going to buffer response body of large or unknown size. Using getResponseBodyAsStream instead is recommended.
2013-11-15 03:16:05:WARN main org.apache.commons.httpclient.HttpMethodBase - Going to buffer response body of large or unknown size. Using getResponseBodyAsStream instead is recommended.
2013-11-15 03:16:16:WARN main org.apache.commons.httpclient.HttpMethodBase - Going to buffer response body of large or unknown size. Using getResponseBodyAsStream instead is recommended.
2013-11-15 03:16:30:WARN main org.apache.commons.httpclient.HttpMethodBase - Going to buffer response body of large or unknown size. Using getResponseBodyAsStream instead is recommended.
2013-11-15 03:16:39:WARN main org.apache.commons.httpclient.HttpMethodBase - Going to buffer response body of large or unknown size. Using getResponseBodyAsStream instead is recommended.
2013-11-15 03:16:50:WARN main org.apache.commons.httpclient.HttpMethodBase - Going to buffer response body of large or unknown size. Using getResponseBodyAsStream instead is recommended.
2013-11-15 03:16:59:WARN main org.apache.commons.httpclient.HttpMethodBase - Going to buffer response body of large or unknown size. Using getResponseBodyAsStream instead is recommended.
2013-11-15 03:17:14:WARN main org.apache.commons.httpclient.HttpMethodBase - Going to buffer response body of large or unknown size. Using getResponseBodyAsStream instead is recommended.
2013-11-15 03:17:25:WARN main org.apache.commons.httpclient.HttpMethodBase - Going to buffer response body of large or unknown size. Using getResponseBodyAsStream instead is recommended.
2013-11-15 03:17:33:WARN main org.apache.commons.httpclient.HttpMethodBase - Going to buffer response body of large or unknown size. Using getResponseBodyAsStream instead is recommended.
2013-11-15 03:17:42:WARN main org.apache.commons.httpclient.HttpMethodBase - Going to buffer response body of large or unknown size. Using getResponseBodyAsStream instead is recommended.
2013-11-15 03:17:51:WARN main org.apache.commons.httpclient.HttpMethodBase - Going to buffer response body of large or unknown size. Using getResponseBodyAsStream instead is recommended.
2013-11-15 03:18:00:WARN main org.apache.commons.httpclient.HttpMethodBase - Going to buffer response body of large or unknown size. Using getResponseBodyAsStream instead is recommended.
2013-11-15 03:18:12:WARN main org.apache.commons.httpclient.HttpMethodBase - Going to buffer response body of large or unknown size. Using getResponseBodyAsStream instead is recommended.
2013-11-15 03:18:26:WARN main org.apache.commons.httpclient.HttpMethodBase - Going to buffer response body of large or unknown size. Using getResponseBodyAsStream instead is recommended.
2013-11-15 03:19:00:WARN main org.apache.commons.httpclient.HttpMethodBase - Going to buffer response body of large or unknown size. Using getResponseBodyAsStream instead is recommended.
2013-11-15 04:59:04:WARN main org.apache.commons.httpclient.HttpMethodBase - Going to buffer response body of large or unknown size. Using getResponseBodyAsStream instead is recommended.
2013-11-15 05:02:30:WARN main org.apache.commons.httpclient.HttpMethodBase - Going to buffer response body of large or unknown size. Using getResponseBodyAsStream instead is recommended.
2013-11-15 05:02:47:WARN main org.apache.commons.httpclient.HttpMethodBase - Going to buffer response body of large or unknown size. Using getResponseBodyAsStream instead is recommended.
2013-11-15 05:03:55:WARN main org.apache.commons.httpclient.HttpMethodBase - Going to buffer response body of large or unknown size. Using getResponseBodyAsStream instead is recommended.
2013-11-15 05:05:29:WARN main org.apache.commons.httpclient.HttpMethodBase - Going to buffer response body of large or unknown size. Using getResponseBodyAsStream instead is recommended.
2013-11-15 05:26:21:WARN main org.apache.commons.httpclient.HttpMethodBase - Going to buffer response body of large or unknown size. Using getResponseBodyAsStream instead is recommended.
2013-11-15 05:37:33:WARN main org.apache.commons.httpclient.HttpMethodBase - Going to buffer response body of large or unknown size. Using getResponseBodyAsStream instead is recommended.
2013-11-15 05:57:54:WARN main org.apache.commons.httpclient.HttpMethodBase - Going to buffer response body of large or unknown size. Using getResponseBodyAsStream instead is recommended.
2013-11-15 06:01:02:WARN main org.apache.commons.httpclient.HttpMethodBase - Going to buffer response body of large or unknown size. Using getResponseBodyAsStream instead is recommended.
2013-11-15 06:01:23:WARN main org.apache.commons.httpclient.HttpMethodBase - Going to buffer response body of large or unknown size. Using getResponseBodyAsStream instead is recommended.
2013-11-18 09:02:15:WARN main org.apache.commons.httpclient.HttpMethodBase - Going to buffer response body of large or unknown size. Using getResponseBodyAsStream instead is recommended.
2013-11-18 02:53:57:WARN main org.apache.commons.httpclient.HttpMethodBase - Going to buffer response body of large or unknown size. Using getResponseBodyAsStream instead is recommended.
2013-11-18 02:55:28:WARN main org.apache.commons.httpclient.HttpMethodBase - Going to buffer response body of large or unknown size. Using getResponseBodyAsStream instead is recommended.
2013-11-18 03:00:20:WARN main org.apache.commons.httpclient.HttpMethodBase - Going to buffer response body of large or unknown size. Using getResponseBodyAsStream instead is recommended.
2013-11-18 03:11:15:WARN main org.apache.commons.httpclient.SimpleHttpConnectionManager - SimpleHttpConnectionManager being used incorrectly.  Be sure that HttpMethod.releaseConnection() is always called and that only one thread and/or method is using this connection manager at a time.
2013-11-18 03:14:31:WARN main org.apache.commons.httpclient.SimpleHttpConnectionManager - SimpleHttpConnectionManager being used incorrectly.  Be sure that HttpMethod.releaseConnection() is always called and that only one thread and/or method is using this connection manager at a time.
2013-11-18 03:14:31:WARN main org.apache.commons.httpclient.SimpleHttpConnectionManager - SimpleHttpConnectionManager being used incorrectly.  Be sure that HttpMethod.releaseConnection() is always called and that only one thread and/or method is using this connection manager at a time.
2013-11-18 03:15:10:WARN main org.apache.commons.httpclient.SimpleHttpConnectionManager - SimpleHttpConnectionManager being used incorrectly.  Be sure that HttpMethod.releaseConnection() is always called and that only one thread and/or method is using this connection manager at a time.
2013-11-18 03:15:10:WARN main org.apache.commons.httpclient.SimpleHttpConnectionManager - SimpleHttpConnectionManager being used incorrectly.  Be sure that HttpMethod.releaseConnection() is always called and that only one thread and/or method is using this connection manager at a time.
2013-11-18 03:44:59:WARN main org.apache.commons.httpclient.SimpleHttpConnectionManager - SimpleHttpConnectionManager being used incorrectly.  Be sure that HttpMethod.releaseConnection() is always called and that only one thread and/or method is using this connection manager at a time.
2013-11-18 03:44:59:WARN main org.apache.commons.httpclient.SimpleHttpConnectionManager - SimpleHttpConnectionManager being used incorrectly.  Be sure that HttpMethod.releaseConnection() is always called and that only one thread and/or method is using this connection manager at a time.
2013-11-18 03:44:59:WARN main org.apache.commons.httpclient.SimpleHttpConnectionManager - SimpleHttpConnectionManager being used incorrectly.  Be sure that HttpMethod.releaseConnection() is always called and that only one thread and/or method is using this connection manager at a time.
2013-11-18 03:48:10:WARN main org.apache.commons.httpclient.SimpleHttpConnectionManager - SimpleHttpConnectionManager being used incorrectly.  Be sure that HttpMethod.releaseConnection() is always called and that only one thread and/or method is using this connection manager at a time.
2013-11-18 03:48:11:WARN main org.apache.commons.httpclient.SimpleHttpConnectionManager - SimpleHttpConnectionManager being used incorrectly.  Be sure that HttpMethod.releaseConnection() is always called and that only one thread and/or method is using this connection manager at a time.
2013-11-18 03:48:11:WARN main org.apache.commons.httpclient.SimpleHttpConnectionManager - SimpleHttpConnectionManager being used incorrectly.  Be sure that HttpMethod.releaseConnection() is always called and that only one thread and/or method is using this connection manager at a time.
2013-11-18 03:48:12:WARN main org.apache.commons.httpclient.HttpMethodBase - Going to buffer response body of large or unknown size. Using getResponseBodyAsStream instead is recommended.
2013-11-18 03:54:11:WARN main org.apache.commons.httpclient.SimpleHttpConnectionManager - SimpleHttpConnectionManager being used incorrectly.  Be sure that HttpMethod.releaseConnection() is always called and that only one thread and/or method is using this connection manager at a time.
2013-11-18 03:54:11:WARN main org.apache.commons.httpclient.SimpleHttpConnectionManager - SimpleHttpConnectionManager being used incorrectly.  Be sure that HttpMethod.releaseConnection() is always called and that only one thread and/or method is using this connection manager at a time.
2013-11-18 03:54:12:WARN main org.apache.commons.httpclient.SimpleHttpConnectionManager - SimpleHttpConnectionManager being used incorrectly.  Be sure that HttpMethod.releaseConnection() is always called and that only one thread and/or method is using this connection manager at a time.
2013-11-18 03:55:01:WARN main org.apache.commons.httpclient.SimpleHttpConnectionManager - SimpleHttpConnectionManager being used incorrectly.  Be sure that HttpMethod.releaseConnection() is always called and that only one thread and/or method is using this connection manager at a time.
2013-11-18 03:55:01:WARN main org.apache.commons.httpclient.SimpleHttpConnectionManager - SimpleHttpConnectionManager being used incorrectly.  Be sure that HttpMethod.releaseConnection() is always called and that only one thread and/or method is using this connection manager at a time.
2013-11-18 03:55:01:WARN main org.apache.commons.httpclient.SimpleHttpConnectionManager - SimpleHttpConnectionManager being used incorrectly.  Be sure that HttpMethod.releaseConnection() is always called and that only one thread and/or method is using this connection manager at a time.
2013-11-18 03:55:02:WARN main org.apache.commons.httpclient.HttpMethodBase - Going to buffer response body of large or unknown size. Using getResponseBodyAsStream instead is recommended.
2013-11-18 03:58:08:WARN main org.apache.commons.httpclient.SimpleHttpConnectionManager - SimpleHttpConnectionManager being used incorrectly.  Be sure that HttpMethod.releaseConnection() is always called and that only one thread and/or method is using this connection manager at a time.
2013-11-18 03:58:08:WARN main org.apache.commons.httpclient.SimpleHttpConnectionManager - SimpleHttpConnectionManager being used incorrectly.  Be sure that HttpMethod.releaseConnection() is always called and that only one thread and/or method is using this connection manager at a time.
2013-11-18 03:58:09:WARN main org.apache.commons.httpclient.SimpleHttpConnectionManager - SimpleHttpConnectionManager being used incorrectly.  Be sure that HttpMethod.releaseConnection() is always called and that only one thread and/or method is using this connection manager at a time.
2013-11-18 03:58:09:WARN main org.apache.commons.httpclient.HttpMethodBase - Going to buffer response body of large or unknown size. Using getResponseBodyAsStream instead is recommended.
2013-11-18 03:58:26:WARN main org.apache.commons.httpclient.HttpMethodBase - Going to buffer response body of large or unknown size. Using getResponseBodyAsStream instead is recommended.
2013-11-18 04:04:40:WARN main org.apache.commons.httpclient.SimpleHttpConnectionManager - SimpleHttpConnectionManager being used incorrectly.  Be sure that HttpMethod.releaseConnection() is always called and that only one thread and/or method is using this connection manager at a time.
2013-11-18 04:04:41:WARN main org.apache.commons.httpclient.SimpleHttpConnectionManager - SimpleHttpConnectionManager being used incorrectly.  Be sure that HttpMethod.releaseConnection() is always called and that only one thread and/or method is using this connection manager at a time.
2013-11-18 04:04:41:WARN main org.apache.commons.httpclient.SimpleHttpConnectionManager - SimpleHttpConnectionManager being used incorrectly.  Be sure that HttpMethod.releaseConnection() is always called and that only one thread and/or method is using this connection manager at a time.
2013-11-18 04:04:42:WARN main org.apache.commons.httpclient.HttpMethodBase - Going to buffer response body of large or unknown size. Using getResponseBodyAsStream instead is recommended.
2013-11-18 04:04:42:WARN main org.apache.commons.httpclient.HttpMethodBase - Going to buffer response body of large or unknown size. Using getResponseBodyAsStream instead is recommended.
2013-11-18 04:06:08:WARN main org.apache.commons.httpclient.SimpleHttpConnectionManager - SimpleHttpConnectionManager being used incorrectly.  Be sure that HttpMethod.releaseConnection() is always called and that only one thread and/or method is using this connection manager at a time.
2013-11-18 04:06:08:WARN main org.apache.commons.httpclient.SimpleHttpConnectionManager - SimpleHttpConnectionManager being used incorrectly.  Be sure that HttpMethod.releaseConnection() is always called and that only one thread and/or method is using this connection manager at a time.
2013-11-18 04:06:09:WARN main org.apache.commons.httpclient.SimpleHttpConnectionManager - SimpleHttpConnectionManager being used incorrectly.  Be sure that HttpMethod.releaseConnection() is always called and that only one thread and/or method is using this connection manager at a time.
2013-11-18 04:06:09:WARN main org.apache.commons.httpclient.HttpMethodBase - Going to buffer response body of large or unknown size. Using getResponseBodyAsStream instead is recommended.
2013-11-18 04:06:11:WARN main org.apache.commons.httpclient.HttpMethodBase - Going to buffer response body of large or unknown size. Using getResponseBodyAsStream instead is recommended.
2013-11-18 04:17:12:WARN main org.apache.commons.httpclient.SimpleHttpConnectionManager - SimpleHttpConnectionManager being used incorrectly.  Be sure that HttpMethod.releaseConnection() is always called and that only one thread and/or method is using this connection manager at a time.
2013-11-18 04:17:13:WARN main org.apache.commons.httpclient.SimpleHttpConnectionManager - SimpleHttpConnectionManager being used incorrectly.  Be sure that HttpMethod.releaseConnection() is always called and that only one thread and/or method is using this connection manager at a time.
2013-11-18 04:17:13:WARN main org.apache.commons.httpclient.SimpleHttpConnectionManager - SimpleHttpConnectionManager being used incorrectly.  Be sure that HttpMethod.releaseConnection() is always called and that only one thread and/or method is using this connection manager at a time.
2013-11-18 04:17:14:WARN main org.apache.commons.httpclient.HttpMethodBase - Going to buffer response body of large or unknown size. Using getResponseBodyAsStream instead is recommended.
2013-11-18 04:17:16:WARN main org.apache.commons.httpclient.HttpMethodBase - Going to buffer response body of large or unknown size. Using getResponseBodyAsStream instead is recommended.
2013-11-18 04:17:59:WARN main org.apache.commons.httpclient.HttpMethodBase - Going to buffer response body of large or unknown size. Using getResponseBodyAsStream instead is recommended.
2013-11-18 05:42:12:WARN main org.apache.commons.httpclient.HttpMethodBase - Going to buffer response body of large or unknown size. Using getResponseBodyAsStream instead is recommended.
2013-11-18 05:45:02:WARN main org.apache.commons.httpclient.HttpMethodBase - Going to buffer response body of large or unknown size. Using getResponseBodyAsStream instead is recommended.
2013-11-18 06:01:44:WARN main org.apache.commons.httpclient.HttpMethodBase - Going to buffer response body of large or unknown size. Using getResponseBodyAsStream instead is recommended.
2013-11-18 06:06:53:WARN main org.apache.commons.httpclient.HttpMethodBase - Going to buffer response body of large or unknown size. Using getResponseBodyAsStream instead is recommended.
2013-11-18 07:56:41:WARN main org.apache.commons.httpclient.HttpMethodBase - Going to buffer response body of large or unknown size. Using getResponseBodyAsStream instead is recommended.
2013-11-18 07:56:42:INFO main com.coreyang.tb.seller.DeleteUnvalibleBrands - 开始读取过滤关键字...
2013-11-18 07:56:42:INFO main com.coreyang.tb.seller.DeleteUnvalibleBrands - 结束读取过滤关键字...一共获取了257个关键词。
2013-11-18 07:57:19:WARN main org.apache.commons.httpclient.HttpMethodBase - Going to buffer response body of large or unknown size. Using getResponseBodyAsStream instead is recommended.
2013-11-18 07:57:20:INFO main com.coreyang.tb.seller.DeleteUnvalibleBrands - 开始读取过滤关键字...
2013-11-18 07:57:20:INFO main com.coreyang.tb.seller.DeleteUnvalibleBrands - 结束读取过滤关键字...一共获取了257个关键词。
2013-11-18 08:01:29:WARN main org.apache.commons.httpclient.HttpMethodBase - Going to buffer response body of large or unknown size. Using getResponseBodyAsStream instead is recommended.
2013-11-18 08:01:30:INFO main com.coreyang.tb.seller.DeleteUnvalibleBrands - 开始读取过滤关键字...
2013-11-18 08:01:30:INFO main com.coreyang.tb.seller.DeleteUnvalibleBrands - 结束读取过滤关键字...一共获取了257个关键词。
2013-11-19 11:31:10:WARN main org.apache.commons.httpclient.HttpMethodBase - Going to buffer response body of large or unknown size. Using getResponseBodyAsStream instead is recommended.
2013-11-19 11:31:33:WARN main org.apache.commons.httpclient.SimpleHttpConnectionManager - SimpleHttpConnectionManager being used incorrectly.  Be sure that HttpMethod.releaseConnection() is always called and that only one thread and/or method is using this connection manager at a time.
2013-11-19 11:31:34:WARN main org.apache.commons.httpclient.SimpleHttpConnectionManager - SimpleHttpConnectionManager being used incorrectly.  Be sure that HttpMethod.releaseConnection() is always called and that only one thread and/or method is using this connection manager at a time.
2013-11-19 11:31:34:WARN main org.apache.commons.httpclient.SimpleHttpConnectionManager - SimpleHttpConnectionManager being used incorrectly.  Be sure that HttpMethod.releaseConnection() is always called and that only one thread and/or method is using this connection manager at a time.
2013-11-19 11:31:34:WARN main org.apache.commons.httpclient.HttpMethodBase - Going to buffer response body of large or unknown size. Using getResponseBodyAsStream instead is recommended.
2013-11-19 11:31:37:WARN main org.apache.commons.httpclient.HttpMethodBase - Going to buffer response body of large or unknown size. Using getResponseBodyAsStream instead is recommended.
2013-11-19 04:03:48:WARN main org.apache.commons.httpclient.SimpleHttpConnectionManager - SimpleHttpConnectionManager being used incorrectly.  Be sure that HttpMethod.releaseConnection() is always called and that only one thread and/or method is using this connection manager at a time.
2013-11-19 04:03:49:WARN main org.apache.commons.httpclient.SimpleHttpConnectionManager - SimpleHttpConnectionManager being used incorrectly.  Be sure that HttpMethod.releaseConnection() is always called and that only one thread and/or method is using this connection manager at a time.
2013-11-19 04:03:49:WARN main org.apache.commons.httpclient.SimpleHttpConnectionManager - SimpleHttpConnectionManager being used incorrectly.  Be sure that HttpMethod.releaseConnection() is always called and that only one thread and/or method is using this connection manager at a time.
2013-11-19 04:03:50:WARN main org.apache.commons.httpclient.SimpleHttpConnectionManager - SimpleHttpConnectionManager being used incorrectly.  Be sure that HttpMethod.releaseConnection() is always called and that only one thread and/or method is using this connection manager at a time.
2013-11-19 04:07:47:WARN main org.apache.commons.httpclient.SimpleHttpConnectionManager - SimpleHttpConnectionManager being used incorrectly.  Be sure that HttpMethod.releaseConnection() is always called and that only one thread and/or method is using this connection manager at a time.
2013-11-19 04:08:12:WARN main org.apache.commons.httpclient.SimpleHttpConnectionManager - SimpleHttpConnectionManager being used incorrectly.  Be sure that HttpMethod.releaseConnection() is always called and that only one thread and/or method is using this connection manager at a time.
2013-11-19 04:09:01:WARN main org.apache.commons.httpclient.SimpleHttpConnectionManager - SimpleHttpConnectionManager being used incorrectly.  Be sure that HttpMethod.releaseConnection() is always called and that only one thread and/or method is using this connection manager at a time.
2013-11-19 04:09:02:WARN main org.apache.commons.httpclient.SimpleHttpConnectionManager - SimpleHttpConnectionManager being used incorrectly.  Be sure that HttpMethod.releaseConnection() is always called and that only one thread and/or method is using this connection manager at a time.
2013-11-19 04:09:10:WARN main org.apache.commons.httpclient.SimpleHttpConnectionManager - SimpleHttpConnectionManager being used incorrectly.  Be sure that HttpMethod.releaseConnection() is always called and that only one thread and/or method is using this connection manager at a time.
2013-11-19 04:09:11:WARN main org.apache.commons.httpclient.SimpleHttpConnectionManager - SimpleHttpConnectionManager being used incorrectly.  Be sure that HttpMethod.releaseConnection() is always called and that only one thread and/or method is using this connection manager at a time.
2013-11-19 04:13:49:WARN main org.apache.commons.httpclient.SimpleHttpConnectionManager - SimpleHttpConnectionManager being used incorrectly.  Be sure that HttpMethod.releaseConnection() is always called and that only one thread and/or method is using this connection manager at a time.
2013-11-19 04:13:49:WARN main org.apache.commons.httpclient.SimpleHttpConnectionManager - SimpleHttpConnectionManager being used incorrectly.  Be sure that HttpMethod.releaseConnection() is always called and that only one thread and/or method is using this connection manager at a time.
2013-11-19 04:13:56:WARN main org.apache.commons.httpclient.SimpleHttpConnectionManager - SimpleHttpConnectionManager being used incorrectly.  Be sure that HttpMethod.releaseConnection() is always called and that only one thread and/or method is using this connection manager at a time.
2013-11-19 04:13:57:WARN main org.apache.commons.httpclient.SimpleHttpConnectionManager - SimpleHttpConnectionManager being used incorrectly.  Be sure that HttpMethod.releaseConnection() is always called and that only one thread and/or method is using this connection manager at a time.
2013-11-19 04:15:43:WARN main org.apache.commons.httpclient.SimpleHttpConnectionManager - SimpleHttpConnectionManager being used incorrectly.  Be sure that HttpMethod.releaseConnection() is always called and that only one thread and/or method is using this connection manager at a time.
2013-11-19 04:15:43:WARN main org.apache.commons.httpclient.SimpleHttpConnectionManager - SimpleHttpConnectionManager being used incorrectly.  Be sure that HttpMethod.releaseConnection() is always called and that only one thread and/or method is using this connection manager at a time.
2013-11-19 04:15:53:WARN main org.apache.commons.httpclient.SimpleHttpConnectionManager - SimpleHttpConnectionManager being used incorrectly.  Be sure that HttpMethod.releaseConnection() is always called and that only one thread and/or method is using this connection manager at a time.
2013-11-19 04:15:54:WARN main org.apache.commons.httpclient.SimpleHttpConnectionManager - SimpleHttpConnectionManager being used incorrectly.  Be sure that HttpMethod.releaseConnection() is always called and that only one thread and/or method is using this connection manager at a time.
2013-11-19 04:16:27:WARN main org.apache.commons.httpclient.SimpleHttpConnectionManager - SimpleHttpConnectionManager being used incorrectly.  Be sure that HttpMethod.releaseConnection() is always called and that only one thread and/or method is using this connection manager at a time.
2013-11-19 04:16:27:WARN main org.apache.commons.httpclient.SimpleHttpConnectionManager - SimpleHttpConnectionManager being used incorrectly.  Be sure that HttpMethod.releaseConnection() is always called and that only one thread and/or method is using this connection manager at a time.
2013-11-19 04:16:58:WARN main org.apache.commons.httpclient.SimpleHttpConnectionManager - SimpleHttpConnectionManager being used incorrectly.  Be sure that HttpMethod.releaseConnection() is always called and that only one thread and/or method is using this connection manager at a time.
2013-11-19 04:16:58:WARN main org.apache.commons.httpclient.SimpleHttpConnectionManager - SimpleHttpConnectionManager being used incorrectly.  Be sure that HttpMethod.releaseConnection() is always called and that only one thread and/or method is using this connection manager at a time.
2013-11-19 04:17:09:WARN main org.apache.commons.httpclient.SimpleHttpConnectionManager - SimpleHttpConnectionManager being used incorrectly.  Be sure that HttpMethod.releaseConnection() is always called and that only one thread and/or method is using this connection manager at a time.
2013-11-19 04:17:09:WARN main org.apache.commons.httpclient.SimpleHttpConnectionManager - SimpleHttpConnectionManager being used incorrectly.  Be sure that HttpMethod.releaseConnection() is always called and that only one thread and/or method is using this connection manager at a time.
2013-11-19 04:17:35:WARN main org.apache.commons.httpclient.SimpleHttpConnectionManager - SimpleHttpConnectionManager being used incorrectly.  Be sure that HttpMethod.releaseConnection() is always called and that only one thread and/or method is using this connection manager at a time.
2013-11-19 04:17:35:WARN main org.apache.commons.httpclient.SimpleHttpConnectionManager - SimpleHttpConnectionManager being used incorrectly.  Be sure that HttpMethod.releaseConnection() is always called and that only one thread and/or method is using this connection manager at a time.
2013-11-19 04:17:46:WARN main org.apache.commons.httpclient.SimpleHttpConnectionManager - SimpleHttpConnectionManager being used incorrectly.  Be sure that HttpMethod.releaseConnection() is always called and that only one thread and/or method is using this connection manager at a time.
2013-11-19 04:17:46:WARN main org.apache.commons.httpclient.SimpleHttpConnectionManager - SimpleHttpConnectionManager being used incorrectly.  Be sure that HttpMethod.releaseConnection() is always called and that only one thread and/or method is using this connection manager at a time.
2013-11-19 04:19:38:WARN main org.apache.commons.httpclient.SimpleHttpConnectionManager - SimpleHttpConnectionManager being used incorrectly.  Be sure that HttpMethod.releaseConnection() is always called and that only one thread and/or method is using this connection manager at a time.
2013-11-19 04:19:38:WARN main org.apache.commons.httpclient.SimpleHttpConnectionManager - SimpleHttpConnectionManager being used incorrectly.  Be sure that HttpMethod.releaseConnection() is always called and that only one thread and/or method is using this connection manager at a time.
2013-11-19 04:19:38:WARN main org.apache.commons.httpclient.SimpleHttpConnectionManager - SimpleHttpConnectionManager being used incorrectly.  Be sure that HttpMethod.releaseConnection() is always called and that only one thread and/or method is using this connection manager at a time.
2013-11-19 04:20:38:WARN main org.apache.commons.httpclient.SimpleHttpConnectionManager - SimpleHttpConnectionManager being used incorrectly.  Be sure that HttpMethod.releaseConnection() is always called and that only one thread and/or method is using this connection manager at a time.
2013-11-19 04:20:38:WARN main org.apache.commons.httpclient.SimpleHttpConnectionManager - SimpleHttpConnectionManager being used incorrectly.  Be sure that HttpMethod.releaseConnection() is always called and that only one thread and/or method is using this connection manager at a time.
2013-11-19 04:20:39:WARN main org.apache.commons.httpclient.SimpleHttpConnectionManager - SimpleHttpConnectionManager being used incorrectly.  Be sure that HttpMethod.releaseConnection() is always called and that only one thread and/or method is using this connection manager at a time.
2013-11-19 04:20:39:WARN main org.apache.commons.httpclient.SimpleHttpConnectionManager - SimpleHttpConnectionManager being used incorrectly.  Be sure that HttpMethod.releaseConnection() is always called and that only one thread and/or method is using this connection manager at a time.
2013-11-19 04:21:01:WARN main org.apache.commons.httpclient.HttpMethodBase - Going to buffer response body of large or unknown size. Using getResponseBodyAsStream instead is recommended.
2013-11-19 04:21:03:INFO main com.coreyang.tb.seller.DeleteUnvalibleBrands - 开始读取过滤关键字...
2013-11-19 04:21:03:INFO main com.coreyang.tb.seller.DeleteUnvalibleBrands - 结束读取过滤关键字...一共获取了257个关键词。
2013-11-19 04:22:01:WARN main org.apache.commons.httpclient.SimpleHttpConnectionManager - SimpleHttpConnectionManager being used incorrectly.  Be sure that HttpMethod.releaseConnection() is always called and that only one thread and/or method is using this connection manager at a time.
2013-11-19 04:22:01:WARN main org.apache.commons.httpclient.SimpleHttpConnectionManager - SimpleHttpConnectionManager being used incorrectly.  Be sure that HttpMethod.releaseConnection() is always called and that only one thread and/or method is using this connection manager at a time.
2013-11-19 04:22:01:WARN main org.apache.commons.httpclient.SimpleHttpConnectionManager - SimpleHttpConnectionManager being used incorrectly.  Be sure that HttpMethod.releaseConnection() is always called and that only one thread and/or method is using this connection manager at a time.
2013-11-19 04:22:02:WARN main org.apache.commons.httpclient.SimpleHttpConnectionManager - SimpleHttpConnectionManager being used incorrectly.  Be sure that HttpMethod.releaseConnection() is always called and that only one thread and/or method is using this connection manager at a time.
2013-11-19 04:22:28:WARN main org.apache.commons.httpclient.HttpMethodBase - Going to buffer response body of large or unknown size. Using getResponseBodyAsStream instead is recommended.
2013-11-19 04:22:29:INFO main com.coreyang.tb.seller.DeleteUnvalibleBrands - 开始读取过滤关键字...
2013-11-19 04:22:29:INFO main com.coreyang.tb.seller.DeleteUnvalibleBrands - 结束读取过滤关键字...一共获取了257个关键词。
2013-11-19 04:23:14:WARN main org.apache.commons.httpclient.SimpleHttpConnectionManager - SimpleHttpConnectionManager being used incorrectly.  Be sure that HttpMethod.releaseConnection() is always called and that only one thread and/or method is using this connection manager at a time.
2013-11-19 04:23:15:WARN main org.apache.commons.httpclient.SimpleHttpConnectionManager - SimpleHttpConnectionManager being used incorrectly.  Be sure that HttpMethod.releaseConnection() is always called and that only one thread and/or method is using this connection manager at a time.
2013-11-19 04:23:28:WARN main org.apache.commons.httpclient.HttpMethodBase - Going to buffer response body of large or unknown size. Using getResponseBodyAsStream instead is recommended.
2013-11-19 04:23:30:INFO main com.coreyang.tb.seller.DeleteUnvalibleBrands - 开始读取过滤关键字...
2013-11-19 04:23:30:INFO main com.coreyang.tb.seller.DeleteUnvalibleBrands - 结束读取过滤关键字...一共获取了257个关键词。
2013-11-19 04:24:13:WARN main org.apache.commons.httpclient.SimpleHttpConnectionManager - SimpleHttpConnectionManager being used incorrectly.  Be sure that HttpMethod.releaseConnection() is always called and that only one thread and/or method is using this connection manager at a time.
2013-11-19 04:24:38:WARN main org.apache.commons.httpclient.HttpMethodBase - Going to buffer response body of large or unknown size. Using getResponseBodyAsStream instead is recommended.
2013-11-19 04:24:39:INFO main com.coreyang.tb.seller.DeleteUnvalibleBrands - 开始读取过滤关键字...
2013-11-19 04:24:39:INFO main com.coreyang.tb.seller.DeleteUnvalibleBrands - 结束读取过滤关键字...一共获取了257个关键词。
2013-11-19 04:25:13:WARN main org.apache.commons.httpclient.SimpleHttpConnectionManager - SimpleHttpConnectionManager being used incorrectly.  Be sure that HttpMethod.releaseConnection() is always called and that only one thread and/or method is using this connection manager at a time.
2013-11-19 04:25:26:WARN main org.apache.commons.httpclient.HttpMethodBase - Going to buffer response body of large or unknown size. Using getResponseBodyAsStream instead is recommended.
2013-11-19 04:25:27:INFO main com.coreyang.tb.seller.DeleteUnvalibleBrands - 开始读取过滤关键字...
2013-11-19 04:25:27:INFO main com.coreyang.tb.seller.DeleteUnvalibleBrands - 结束读取过滤关键字...一共获取了257个关键词。
2013-11-19 04:35:35:WARN main org.apache.commons.httpclient.SimpleHttpConnectionManager - SimpleHttpConnectionManager being used incorrectly.  Be sure that HttpMethod.releaseConnection() is always called and that only one thread and/or method is using this connection manager at a time.
2013-11-19 04:35:55:WARN main org.apache.commons.httpclient.HttpMethodBase - Going to buffer response body of large or unknown size. Using getResponseBodyAsStream instead is recommended.
2013-11-19 04:35:56:INFO main com.coreyang.tb.seller.DeleteUnvalibleBrands - 开始读取过滤关键字...
2013-11-19 04:35:56:INFO main com.coreyang.tb.seller.DeleteUnvalibleBrands - 结束读取过滤关键字...一共获取了257个关键词。
2013-11-19 04:36:39:WARN main org.apache.commons.httpclient.HttpMethodBase - Going to buffer response body of large or unknown size. Using getResponseBodyAsStream instead is recommended.
2013-11-19 04:38:09:WARN main org.apache.commons.httpclient.SimpleHttpConnectionManager - SimpleHttpConnectionManager being used incorrectly.  Be sure that HttpMethod.releaseConnection() is always called and that only one thread and/or method is using this connection manager at a time.
2013-11-19 04:38:20:WARN main org.apache.commons.httpclient.HttpMethodBase - Going to buffer response body of large or unknown size. Using getResponseBodyAsStream instead is recommended.
2013-11-19 04:38:22:INFO main com.coreyang.tb.seller.DeleteUnvalibleBrands - 开始读取过滤关键字...
2013-11-19 04:38:22:INFO main com.coreyang.tb.seller.DeleteUnvalibleBrands - 结束读取过滤关键字...一共获取了257个关键词。
